#
# There is insufficient memory for the Java Runtime Environment to continue.
# Native memory allocation (malloc) failed to allocate 1449368 bytes. Error detail: Chunk::new
# Possible reasons:
#   The system is out of physical RAM or swap space
#   This process is running with CompressedOops enabled, and the Java Heap may be blocking the growth of the native heap
# Possible solutions:
#   Reduce memory load on the system
#   Increase physical memory or swap space
#   Check if swap backing store is full
#   Decrease Java heap size (-Xmx/-Xms)
#   Decrease number of Java threads
#   Decrease Java thread stack sizes (-Xss)
#   Set larger code cache with -XX:ReservedCodeCacheSize=
#   JVM is running with Unscaled Compressed Oops mode in which the Java heap is
#     placed in the first 4GB address space. The Java Heap base address is the
#     maximum limit for the native heap growth. Please use -XX:HeapBaseMinAddress
#     to set the Java Heap base and to place the Java Heap above 4GB virtual address.
# This output file may be truncated or incomplete.
#
#  Out of Memory Error (arena.cpp:186), pid=25692, tid=30364
#
# JRE version: OpenJDK Runtime Environment Temurin-25.0.2+10 (25.0.2+10) (build 25.0.2+10-LTS)
# Java VM: OpenJDK 64-Bit Server VM Temurin-25.0.2+10 (25.0.2+10-LTS, mixed mode, sharing, tiered, compressed oops, compressed class ptrs, g1 gc, windows-amd64)
# No core dump will be written. Minidumps are not enabled by default on client versions of Windows
#

---------------  S U M M A R Y ------------

Command Line: --enable-native-access=ALL-UNNAMED -Dclassworlds.conf=C:\Program Files\Apache NetBeans\java\maven\bin\m2.conf -Dmaven.home=C:\Program Files\Apache NetBeans\java\maven -Dlibrary.jansi.path=C:\Program Files\Apache NetBeans\java\maven\lib\jansi-native -Dmaven.multiModuleProjectDirectory=C:\Users\Snethemba\Documents\NetBeansProjects\quickchat_1_2 org.codehaus.plexus.classworlds.launcher.Launcher -Dexec.vmArgs= -Dexec.args=${exec.vmArgs} -classpath %classpath ${exec.mainClass} ${exec.appArgs} -Dexec.appArgs= -Dexec.mainClass=com.mycompany.quickchat_1_2.Quickchat_1_2 -Dexec.executable=C:\Program Files\Apache NetBeans\jdk\bin\java.exe -Dmaven.ext.class.path=C:\Program Files\Apache NetBeans\java\maven-nblib\netbeans-eventspy.jar --no-transfer-progress process-classes org.codehaus.mojo:exec-maven-plugin:3.5.1:exec

Host: AMD Ryzen 3 7320U with Radeon Graphics         , 8 cores, 5G,  Windows 11 , 64 bit Build 26100 (10.0.26100.8328)
Time: Mon May 25 20:25:38 2026 South Africa Standard Time elapsed time: 4.198761 seconds (0d 0h 0m 4s)

---------------  T H R E A D  ---------------

Current thread (0x000001f9af15f290):  JavaThread "C2 CompilerThread0" daemon [_thread_in_native, id=30364, stack(0x0000003895100000,0x0000003895200000) (1024K)]


Current CompileTask:
C2:4198 2645       4       com.google.inject.internal.MoreTypes::canonicalize (143 bytes)

Stack: [0x0000003895100000,0x0000003895200000]
Native frames: (J=compiled Java code, j=interpreted, Vv=VM code, C=native code)
V  [jvm.dll+0x7a8bc9]  (no source info available)
V  [jvm.dll+0x77310d]  (no source info available)
V  [jvm.dll+0x9f55f3]  (no source info available)
V  [jvm.dll+0x9f7be1]  (no source info available)
V  [jvm.dll+0x9f82f3]  (no source info available)
V  [jvm.dll+0x2fce26]  (no source info available)
V  [jvm.dll+0x111076]  (no source info available)
V  [jvm.dll+0x11139e]  (no source info available)
V  [jvm.dll+0x19fff2]  (no source info available)
V  [jvm.dll+0x3b5f62]  (no source info available)
V  [jvm.dll+0x7ae53c]  (no source info available)
V  [jvm.dll+0x2c0407]  (no source info available)
V  [jvm.dll+0x2bf3cf]  (no source info available)
V  [jvm.dll+0x237140]  (no source info available)
V  [jvm.dll+0x2cf4c6]  (no source info available)
V  [jvm.dll+0x2cd74a]  (no source info available)
V  [jvm.dll+0x48fbee]  (no source info available)
V  [jvm.dll+0x996b0d]  (no source info available)
V  [jvm.dll+0x7a71a5]  (no source info available)
C  [ucrtbase.dll+0x37b0]  (no source info available)
C  [KERNEL32.DLL+0x2e957]  (no source info available)
C  [ntdll.dll+0x427c]  (no source info available)

Lock stack of current Java thread (top to bottom):


---------------  P R O C E S S  ---------------

Threads class SMR info:
_java_thread_list=0x000001f9b46415f0, length=12, elements={
0x000001f990911520, 0x000001f9af13bbd0, 0x000001f9af13d3a0, 0x000001f9af145220,
0x000001f9af146550, 0x000001f9af147c80, 0x000001f9af1493b0, 0x000001f9af15f290,
0x000001f9af164620, 0x000001f9af2ab480, 0x000001f9af2ba2d0, 0x000001f9b422a590
}

Java Threads: ( => current thread )
  0x000001f990911520 JavaThread "main"                              [_thread_blocked, id=24672, stack(0x0000003894300000,0x0000003894400000) (1024K)]
  0x000001f9af13bbd0 JavaThread "Reference Handler"          daemon [_thread_blocked, id=8596, stack(0x0000003894b00000,0x0000003894c00000) (1024K)]
  0x000001f9af13d3a0 JavaThread "Finalizer"                  daemon [_thread_blocked, id=29908, stack(0x0000003894c00000,0x0000003894d00000) (1024K)]
  0x000001f9af145220 JavaThread "Signal Dispatcher"          daemon [_thread_blocked, id=11380, stack(0x0000003894d00000,0x0000003894e00000) (1024K)]
  0x000001f9af146550 JavaThread "Attach Listener"            daemon [_thread_blocked, id=29024, stack(0x0000003894e00000,0x0000003894f00000) (1024K)]
  0x000001f9af147c80 JavaThread "Service Thread"             daemon [_thread_blocked, id=12604, stack(0x0000003894f00000,0x0000003895000000) (1024K)]
  0x000001f9af1493b0 JavaThread "Monitor Deflation Thread"   daemon [_thread_blocked, id=1912, stack(0x0000003895000000,0x0000003895100000) (1024K)]
=>0x000001f9af15f290 JavaThread "C2 CompilerThread0"         daemon [_thread_in_native, id=30364, stack(0x0000003895100000,0x0000003895200000) (1024K)]
  0x000001f9af164620 JavaThread "C1 CompilerThread0"         daemon [_thread_in_vm, id=35072, stack(0x0000003895200000,0x0000003895300000) (1024K)]
  0x000001f9af2ab480 JavaThread "Notification Thread"        daemon [_thread_blocked, id=20076, stack(0x0000003895300000,0x0000003895400000) (1024K)]
  0x000001f9af2ba2d0 JavaThread "Common-Cleaner"             daemon [_thread_blocked, id=11784, stack(0x0000003895400000,0x0000003895500000) (1024K)]
  0x000001f9b422a590 JavaThread "C2 CompilerThread1"         daemon [_thread_in_native, id=31176, stack(0x0000003895500000,0x0000003895600000) (1024K)]
Total: 12

Other Threads:
  0x000001f9af12b470 VMThread "VM Thread"                           [id=19404, stack(0x0000003894a00000,0x0000003894b00000) (1024K)]
  0x000001f992ceac90 WatcherThread "VM Periodic Task Thread"        [id=16484, stack(0x0000003894900000,0x0000003894a00000) (1024K)]
  0x000001f992c77ac0 WorkerThread "GC Thread#0"                     [id=3704, stack(0x0000003894400000,0x0000003894500000) (1024K)]
  0x000001f9b4537060 WorkerThread "GC Thread#1"                     [id=32908, stack(0x0000003895600000,0x0000003895700000) (1024K)]
  0x000001f9b408b2e0 WorkerThread "GC Thread#2"                     [id=25128, stack(0x0000003895700000,0x0000003895800000) (1024K)]
  0x000001f9b408bb20 WorkerThread "GC Thread#3"                     [id=13604, stack(0x0000003895800000,0x0000003895900000) (1024K)]
  0x000001f9b408ff60 WorkerThread "GC Thread#4"                     [id=23124, stack(0x0000003895900000,0x0000003895a00000) (1024K)]
  0x000001f992c8a3f0 ConcurrentGCThread "G1 Main Marker"            [id=29076, stack(0x0000003894500000,0x0000003894600000) (1024K)]
  0x000001f992c8bde0 WorkerThread "G1 Conc#0"                       [id=16800, stack(0x0000003894600000,0x0000003894700000) (1024K)]
  0x000001f992cd7380 ConcurrentGCThread "G1 Refine#0"               [id=20968, stack(0x0000003894700000,0x0000003894800000) (1024K)]
  0x000001f992cd9da0 ConcurrentGCThread "G1 Service"                [id=17552, stack(0x0000003894800000,0x0000003894900000) (1024K)]
Total: 11

Threads with active compile tasks:
C2 CompilerThread0  5356 2645       4       com.google.inject.internal.MoreTypes::canonicalize (143 bytes)
C1 CompilerThread0  5356 2763       3       org.eclipse.sisu.inject.LocatedBeans$Itr::hasNext (169 bytes)
C2 CompilerThread1  5356 2660       4       com.google.inject.TypeLiteral::<init> (43 bytes)
Total: 3

VM state: not at safepoint (normal execution)

VM Mutex/Monitor currently owned by a thread:  ([mutex/lock_event])
[0x00007ff96de64d48] MethodCompileQueue_lock - owner thread: 0x000001f9af164620
[0x00007ff96de661c8] CodeCache_lock - owner thread: 0x000001f9af164620
[0x00007ff96de66448] Compile_lock - owner thread: 0x000001f9af164620

Heap address: 0x00000000a2c00000, size: 1492 MB, Compressed Oops mode: 32-bit

CDS archive(s) mapped at: [0x000000002b000000-0x000000002bdd0000-0x000000002bdd0000), size 14483456, SharedBaseAddress: 0x000000002b000000, ArchiveRelocationMode: 1.
Compressed class space mapped at: 0x000000002c000000-0x000000006c000000, reserved size: 1073741824
UseCompressedClassPointers 1, UseCompactObjectHeaders 0
Narrow klass pointer bits 32, Max shift 3
Narrow klass base: 0x000000002b000000, Narrow klass shift: 0
Encoding Range: [0x000000002b000000 - 0x000000012b000000), (4294967296 bytes)
Klass Range:    [0x000000002b010000 - 0x000000006c000000), (1090453504 bytes)
Klass ID Range:  [65536 - 1090519033) (1090453497)
Protection zone: [0x000000002b000000 - 0x000000002b010000), (65536 bytes)

GC Precious Log:
 CardTable entry size: 512
 Card Set container configuration: InlinePtr #cards 5 size 8 Array Of Cards #cards 10 size 36 Howl #buckets 4 coarsen threshold 1843 Howl Bitmap #cards 512 size 80 coarsen threshold 460 Card regions per heap region 1 cards per card region 2048
 CPUs: 8 total, 8 available
 Memory: 5965M
 Large Page Support: Disabled
 NUMA Support: Disabled
 Compressed Oops: Enabled (32-bit)
 Heap Region Size: 1M
 Heap Min Capacity: 8M
 Heap Initial Capacity: 94M
 Heap Max Capacity: 1492M
 Pre-touch: Disabled
 Parallel Workers: 8
 Concurrent Workers: 2
 Concurrent Refinement Workers: 8
 Periodic GC: Disabled

Heap:
 garbage-first heap   total reserved 1527808K, committed 98304K, used 23187K [0x00000000a2c00000, 0x0000000100000000)
  region size 1024K, 23 young (23552K), 5 survivors (5120K)

Heap Regions: E=young(eden), S=young(survivor), O=old, HS=humongous(starts), HC=humongous(continues), CS=collection set, F=free, TAMS=top-at-mark-start, PB=parsable bottom
|   0|0x00000000a2c00000, 0x00000000a2c00000, 0x00000000a2d00000|  0%| F|  |TAMS 0x00000000a2c00000| PB 0x00000000a2c00000| Untracked |  0
|   1|0x00000000a2d00000, 0x00000000a2d00000, 0x00000000a2e00000|  0%| F|  |TAMS 0x00000000a2d00000| PB 0x00000000a2d00000| Untracked |  0
|   2|0x00000000a2e00000, 0x00000000a2e00000, 0x00000000a2f00000|  0%| F|  |TAMS 0x00000000a2e00000| PB 0x00000000a2e00000| Untracked |  0
|   3|0x00000000a2f00000, 0x00000000a2f00000, 0x00000000a3000000|  0%| F|  |TAMS 0x00000000a2f00000| PB 0x00000000a2f00000| Untracked |  0
|   4|0x00000000a3000000, 0x00000000a3000000, 0x00000000a3100000|  0%| F|  |TAMS 0x00000000a3000000| PB 0x00000000a3000000| Untracked |  0
|   5|0x00000000a3100000, 0x00000000a3100000, 0x00000000a3200000|  0%| F|  |TAMS 0x00000000a3100000| PB 0x00000000a3100000| Untracked |  0
|   6|0x00000000a3200000, 0x00000000a3200000, 0x00000000a3300000|  0%| F|  |TAMS 0x00000000a3200000| PB 0x00000000a3200000| Untracked |  0
|   7|0x00000000a3300000, 0x00000000a3300000, 0x00000000a3400000|  0%| F|  |TAMS 0x00000000a3300000| PB 0x00000000a3300000| Untracked |  0
|   8|0x00000000a3400000, 0x00000000a3400000, 0x00000000a3500000|  0%| F|  |TAMS 0x00000000a3400000| PB 0x00000000a3400000| Untracked |  0
|   9|0x00000000a3500000, 0x00000000a3500000, 0x00000000a3600000|  0%| F|  |TAMS 0x00000000a3500000| PB 0x00000000a3500000| Untracked |  0
|  10|0x00000000a3600000, 0x00000000a3600000, 0x00000000a3700000|  0%| F|  |TAMS 0x00000000a3600000| PB 0x00000000a3600000| Untracked |  0
|  11|0x00000000a3700000, 0x00000000a3700000, 0x00000000a3800000|  0%| F|  |TAMS 0x00000000a3700000| PB 0x00000000a3700000| Untracked |  0
|  12|0x00000000a3800000, 0x00000000a3800000, 0x00000000a3900000|  0%| F|  |TAMS 0x00000000a3800000| PB 0x00000000a3800000| Untracked |  0
|  13|0x00000000a3900000, 0x00000000a3900000, 0x00000000a3a00000|  0%| F|  |TAMS 0x00000000a3900000| PB 0x00000000a3900000| Untracked |  0
|  14|0x00000000a3a00000, 0x00000000a3a00000, 0x00000000a3b00000|  0%| F|  |TAMS 0x00000000a3a00000| PB 0x00000000a3a00000| Untracked |  0
|  15|0x00000000a3b00000, 0x00000000a3b00000, 0x00000000a3c00000|  0%| F|  |TAMS 0x00000000a3b00000| PB 0x00000000a3b00000| Untracked |  0
|  16|0x00000000a3c00000, 0x00000000a3c00000, 0x00000000a3d00000|  0%| F|  |TAMS 0x00000000a3c00000| PB 0x00000000a3c00000| Untracked |  0
|  17|0x00000000a3d00000, 0x00000000a3d00000, 0x00000000a3e00000|  0%| F|  |TAMS 0x00000000a3d00000| PB 0x00000000a3d00000| Untracked |  0
|  18|0x00000000a3e00000, 0x00000000a3e00000, 0x00000000a3f00000|  0%| F|  |TAMS 0x00000000a3e00000| PB 0x00000000a3e00000| Untracked |  0
|  19|0x00000000a3f00000, 0x00000000a3f00000, 0x00000000a4000000|  0%| F|  |TAMS 0x00000000a3f00000| PB 0x00000000a3f00000| Untracked |  0
|  20|0x00000000a4000000, 0x00000000a4000000, 0x00000000a4100000|  0%| F|  |TAMS 0x00000000a4000000| PB 0x00000000a4000000| Untracked |  0
|  21|0x00000000a4100000, 0x00000000a4100000, 0x00000000a4200000|  0%| F|  |TAMS 0x00000000a4100000| PB 0x00000000a4100000| Untracked |  0
|  22|0x00000000a4200000, 0x00000000a4200000, 0x00000000a4300000|  0%| F|  |TAMS 0x00000000a4200000| PB 0x00000000a4200000| Untracked |  0
|  23|0x00000000a4300000, 0x00000000a4300000, 0x00000000a4400000|  0%| F|  |TAMS 0x00000000a4300000| PB 0x00000000a4300000| Untracked |  0
|  24|0x00000000a4400000, 0x00000000a4400000, 0x00000000a4500000|  0%| F|  |TAMS 0x00000000a4400000| PB 0x00000000a4400000| Untracked |  0
|  25|0x00000000a4500000, 0x00000000a4500000, 0x00000000a4600000|  0%| F|  |TAMS 0x00000000a4500000| PB 0x00000000a4500000| Untracked |  0
|  26|0x00000000a4600000, 0x00000000a4600000, 0x00000000a4700000|  0%| F|  |TAMS 0x00000000a4600000| PB 0x00000000a4600000| Untracked |  0
|  27|0x00000000a4700000, 0x00000000a4700000, 0x00000000a4800000|  0%| F|  |TAMS 0x00000000a4700000| PB 0x00000000a4700000| Untracked |  0
|  28|0x00000000a4800000, 0x00000000a4800000, 0x00000000a4900000|  0%| F|  |TAMS 0x00000000a4800000| PB 0x00000000a4800000| Untracked |  0
|  29|0x00000000a4900000, 0x00000000a4900000, 0x00000000a4a00000|  0%| F|  |TAMS 0x00000000a4900000| PB 0x00000000a4900000| Untracked |  0
|  30|0x00000000a4a00000, 0x00000000a4a00000, 0x00000000a4b00000|  0%| F|  |TAMS 0x00000000a4a00000| PB 0x00000000a4a00000| Untracked |  0
|  31|0x00000000a4b00000, 0x00000000a4b00000, 0x00000000a4c00000|  0%| F|  |TAMS 0x00000000a4b00000| PB 0x00000000a4b00000| Untracked |  0
|  32|0x00000000a4c00000, 0x00000000a4c00000, 0x00000000a4d00000|  0%| F|  |TAMS 0x00000000a4c00000| PB 0x00000000a4c00000| Untracked |  0
|  33|0x00000000a4d00000, 0x00000000a4d00000, 0x00000000a4e00000|  0%| F|  |TAMS 0x00000000a4d00000| PB 0x00000000a4d00000| Untracked |  0
|  34|0x00000000a4e00000, 0x00000000a4e00000, 0x00000000a4f00000|  0%| F|  |TAMS 0x00000000a4e00000| PB 0x00000000a4e00000| Untracked |  0
|  35|0x00000000a4f00000, 0x00000000a4f00000, 0x00000000a5000000|  0%| F|  |TAMS 0x00000000a4f00000| PB 0x00000000a4f00000| Untracked |  0
|  36|0x00000000a5000000, 0x00000000a5000000, 0x00000000a5100000|  0%| F|  |TAMS 0x00000000a5000000| PB 0x00000000a5000000| Untracked |  0
|  37|0x00000000a5100000, 0x00000000a5100000, 0x00000000a5200000|  0%| F|  |TAMS 0x00000000a5100000| PB 0x00000000a5100000| Untracked |  0
|  38|0x00000000a5200000, 0x00000000a5200000, 0x00000000a5300000|  0%| F|  |TAMS 0x00000000a5200000| PB 0x00000000a5200000| Untracked |  0
|  39|0x00000000a5300000, 0x00000000a5300000, 0x00000000a5400000|  0%| F|  |TAMS 0x00000000a5300000| PB 0x00000000a5300000| Untracked |  0
|  40|0x00000000a5400000, 0x00000000a5400000, 0x00000000a5500000|  0%| F|  |TAMS 0x00000000a5400000| PB 0x00000000a5400000| Untracked |  0
|  41|0x00000000a5500000, 0x00000000a5500000, 0x00000000a5600000|  0%| F|  |TAMS 0x00000000a5500000| PB 0x00000000a5500000| Untracked |  0
|  42|0x00000000a5600000, 0x00000000a5680000, 0x00000000a5700000| 50%| S|CS|TAMS 0x00000000a5600000| PB 0x00000000a5600000| Complete |  0
|  43|0x00000000a5700000, 0x00000000a5800000, 0x00000000a5800000|100%| S|CS|TAMS 0x00000000a5700000| PB 0x00000000a5700000| Complete |  0
|  44|0x00000000a5800000, 0x00000000a5900000, 0x00000000a5900000|100%| S|CS|TAMS 0x00000000a5800000| PB 0x00000000a5800000| Complete |  0
|  45|0x00000000a5900000, 0x00000000a5a00000, 0x00000000a5a00000|100%| S|CS|TAMS 0x00000000a5900000| PB 0x00000000a5900000| Complete |  0
|  46|0x00000000a5a00000, 0x00000000a5b00000, 0x00000000a5b00000|100%| S|CS|TAMS 0x00000000a5a00000| PB 0x00000000a5a00000| Complete |  0
|  47|0x00000000a5b00000, 0x00000000a5b00000, 0x00000000a5c00000|  0%| F|  |TAMS 0x00000000a5b00000| PB 0x00000000a5b00000| Untracked |  0
|  48|0x00000000a5c00000, 0x00000000a5c00000, 0x00000000a5d00000|  0%| F|  |TAMS 0x00000000a5c00000| PB 0x00000000a5c00000| Untracked |  0
|  49|0x00000000a5d00000, 0x00000000a5d00000, 0x00000000a5e00000|  0%| F|  |TAMS 0x00000000a5d00000| PB 0x00000000a5d00000| Untracked |  0
|  50|0x00000000a5e00000, 0x00000000a5e00000, 0x00000000a5f00000|  0%| F|  |TAMS 0x00000000a5e00000| PB 0x00000000a5e00000| Untracked |  0
|  51|0x00000000a5f00000, 0x00000000a5f00000, 0x00000000a6000000|  0%| F|  |TAMS 0x00000000a5f00000| PB 0x00000000a5f00000| Untracked |  0
|  52|0x00000000a6000000, 0x00000000a6000000, 0x00000000a6100000|  0%| F|  |TAMS 0x00000000a6000000| PB 0x00000000a6000000| Untracked |  0
|  53|0x00000000a6100000, 0x00000000a6100000, 0x00000000a6200000|  0%| F|  |TAMS 0x00000000a6100000| PB 0x00000000a6100000| Untracked |  0
|  54|0x00000000a6200000, 0x00000000a6200000, 0x00000000a6300000|  0%| F|  |TAMS 0x00000000a6200000| PB 0x00000000a6200000| Untracked |  0
|  55|0x00000000a6300000, 0x00000000a6300000, 0x00000000a6400000|  0%| F|  |TAMS 0x00000000a6300000| PB 0x00000000a6300000| Untracked |  0
|  56|0x00000000a6400000, 0x00000000a6400000, 0x00000000a6500000|  0%| F|  |TAMS 0x00000000a6400000| PB 0x00000000a6400000| Untracked |  0
|  57|0x00000000a6500000, 0x00000000a6500000, 0x00000000a6600000|  0%| F|  |TAMS 0x00000000a6500000| PB 0x00000000a6500000| Untracked |  0
|  58|0x00000000a6600000, 0x00000000a6600000, 0x00000000a6700000|  0%| F|  |TAMS 0x00000000a6600000| PB 0x00000000a6600000| Untracked |  0
|  59|0x00000000a6700000, 0x00000000a6700000, 0x00000000a6800000|  0%| F|  |TAMS 0x00000000a6700000| PB 0x00000000a6700000| Untracked |  0
|  60|0x00000000a6800000, 0x00000000a6800000, 0x00000000a6900000|  0%| F|  |TAMS 0x00000000a6800000| PB 0x00000000a6800000| Untracked |  0
|  61|0x00000000a6900000, 0x00000000a6900000, 0x00000000a6a00000|  0%| F|  |TAMS 0x00000000a6900000| PB 0x00000000a6900000| Untracked |  0
|  62|0x00000000a6a00000, 0x00000000a6a00000, 0x00000000a6b00000|  0%| F|  |TAMS 0x00000000a6a00000| PB 0x00000000a6a00000| Untracked |  0
|  63|0x00000000a6b00000, 0x00000000a6b00000, 0x00000000a6c00000|  0%| F|  |TAMS 0x00000000a6b00000| PB 0x00000000a6b00000| Untracked |  0
|  64|0x00000000a6c00000, 0x00000000a6c00000, 0x00000000a6d00000|  0%| F|  |TAMS 0x00000000a6c00000| PB 0x00000000a6c00000| Untracked |  0
|  65|0x00000000a6d00000, 0x00000000a6d00000, 0x00000000a6e00000|  0%| F|  |TAMS 0x00000000a6d00000| PB 0x00000000a6d00000| Untracked |  0
|  66|0x00000000a6e00000, 0x00000000a6e00000, 0x00000000a6f00000|  0%| F|  |TAMS 0x00000000a6e00000| PB 0x00000000a6e00000| Untracked |  0
|  67|0x00000000a6f00000, 0x00000000a6f00000, 0x00000000a7000000|  0%| F|  |TAMS 0x00000000a6f00000| PB 0x00000000a6f00000| Untracked |  0
|  68|0x00000000a7000000, 0x00000000a7000000, 0x00000000a7100000|  0%| F|  |TAMS 0x00000000a7000000| PB 0x00000000a7000000| Untracked |  0
|  69|0x00000000a7100000, 0x00000000a7100000, 0x00000000a7200000|  0%| F|  |TAMS 0x00000000a7100000| PB 0x00000000a7100000| Untracked |  0
|  70|0x00000000a7200000, 0x00000000a7200000, 0x00000000a7300000|  0%| F|  |TAMS 0x00000000a7200000| PB 0x00000000a7200000| Untracked |  0
|  71|0x00000000a7300000, 0x00000000a7300000, 0x00000000a7400000|  0%| F|  |TAMS 0x00000000a7300000| PB 0x00000000a7300000| Untracked |  0
|  72|0x00000000a7400000, 0x00000000a7400000, 0x00000000a7500000|  0%| F|  |TAMS 0x00000000a7400000| PB 0x00000000a7400000| Untracked |  0
|  73|0x00000000a7500000, 0x00000000a7500000, 0x00000000a7600000|  0%| F|  |TAMS 0x00000000a7500000| PB 0x00000000a7500000| Untracked |  0
|  74|0x00000000a7600000, 0x00000000a7600000, 0x00000000a7700000|  0%| F|  |TAMS 0x00000000a7600000| PB 0x00000000a7600000| Untracked |  0
|  75|0x00000000a7700000, 0x00000000a7700000, 0x00000000a7800000|  0%| F|  |TAMS 0x00000000a7700000| PB 0x00000000a7700000| Untracked |  0
|  76|0x00000000a7800000, 0x00000000a7880000, 0x00000000a7900000| 50%| E|  |TAMS 0x00000000a7800000| PB 0x00000000a7800000| Complete |  0
|  77|0x00000000a7900000, 0x00000000a7a00000, 0x00000000a7a00000|100%| E|CS|TAMS 0x00000000a7900000| PB 0x00000000a7900000| Complete |  0
|  78|0x00000000a7a00000, 0x00000000a7b00000, 0x00000000a7b00000|100%| E|CS|TAMS 0x00000000a7a00000| PB 0x00000000a7a00000| Complete |  0
|  79|0x00000000a7b00000, 0x00000000a7c00000, 0x00000000a7c00000|100%| E|CS|TAMS 0x00000000a7b00000| PB 0x00000000a7b00000| Complete |  0
|  80|0x00000000a7c00000, 0x00000000a7d00000, 0x00000000a7d00000|100%| E|CS|TAMS 0x00000000a7c00000| PB 0x00000000a7c00000| Complete |  0
|  81|0x00000000a7d00000, 0x00000000a7e00000, 0x00000000a7e00000|100%| E|CS|TAMS 0x00000000a7d00000| PB 0x00000000a7d00000| Complete |  0
|  82|0x00000000a7e00000, 0x00000000a7f00000, 0x00000000a7f00000|100%| E|CS|TAMS 0x00000000a7e00000| PB 0x00000000a7e00000| Complete |  0
|  83|0x00000000a7f00000, 0x00000000a8000000, 0x00000000a8000000|100%| E|CS|TAMS 0x00000000a7f00000| PB 0x00000000a7f00000| Complete |  0
|  84|0x00000000a8000000, 0x00000000a8100000, 0x00000000a8100000|100%| E|CS|TAMS 0x00000000a8000000| PB 0x00000000a8000000| Complete |  0
|  85|0x00000000a8100000, 0x00000000a8200000, 0x00000000a8200000|100%| E|CS|TAMS 0x00000000a8100000| PB 0x00000000a8100000| Complete |  0
|  86|0x00000000a8200000, 0x00000000a8300000, 0x00000000a8300000|100%| E|CS|TAMS 0x00000000a8200000| PB 0x00000000a8200000| Complete |  0
|  87|0x00000000a8300000, 0x00000000a8400000, 0x00000000a8400000|100%| E|CS|TAMS 0x00000000a8300000| PB 0x00000000a8300000| Complete |  0
|  88|0x00000000a8400000, 0x00000000a8500000, 0x00000000a8500000|100%| E|CS|TAMS 0x00000000a8400000| PB 0x00000000a8400000| Complete |  0
|  89|0x00000000a8500000, 0x00000000a8600000, 0x00000000a8600000|100%| E|CS|TAMS 0x00000000a8500000| PB 0x00000000a8500000| Complete |  0
|  90|0x00000000a8600000, 0x00000000a8700000, 0x00000000a8700000|100%| E|CS|TAMS 0x00000000a8600000| PB 0x00000000a8600000| Complete |  0
|  91|0x00000000a8700000, 0x00000000a8800000, 0x00000000a8800000|100%| E|CS|TAMS 0x00000000a8700000| PB 0x00000000a8700000| Complete |  0
|  92|0x00000000a8800000, 0x00000000a8900000, 0x00000000a8900000|100%| E|CS|TAMS 0x00000000a8800000| PB 0x00000000a8800000| Complete |  0
|  93|0x00000000a8900000, 0x00000000a8a00000, 0x00000000a8a00000|100%| E|CS|TAMS 0x00000000a8900000| PB 0x00000000a8900000| Complete |  0
|1490|0x00000000ffe00000, 0x00000000fff00000, 0x00000000fff00000|100%| O|  |TAMS 0x00000000ffe00000| PB 0x00000000ffe00000| Untracked |  0
|1491|0x00000000fff00000, 0x00000000fff24ea8, 0x0000000100000000| 14%| O|  |TAMS 0x00000000fff00000| PB 0x00000000fff00000| Untracked |  0

Card table byte_map: [0x000001f9aad40000,0x000001f9ab030000] _byte_map_base: 0x000001f9aa82a000

Marking Bits: (CMBitMap*) 0x000001f992c78250
 Bits: [0x000001f9ab030000, 0x000001f9ac780000)

Polling page: 0x000001f990a80000

Metaspace:
Metaspace        used 12300K, committed 12480K, reserved 1114112K
 class space     used 1575K, committed 1664K, reserved 1048576K

Usage:
  Non-class:     10.47 MB used.
      Class:      1.54 MB used.
       Both:     12.01 MB used.

Virtual space:
  Non-class space:       64.00 MB reserved,      10.56 MB ( 17%) committed,  1 nodes.
      Class space:        1.00 GB reserved,       1.62 MB ( <1%) committed,  1 nodes.
             Both:        1.06 GB reserved,      12.19 MB (  1%) committed. 

Chunk freelists:
   Non-Class:  4.06 MB
       Class:  14.38 MB
        Both:  18.44 MB

MaxMetaspaceSize: unlimited
CompressedClassSpaceSize: 1.00 GB
Initial GC threshold: 21.00 MB
Current GC threshold: 21.00 MB
CDS: on
 - commit_granule_bytes: 65536.
 - commit_granule_words: 8192.
 - virtual_space_node_default_size: 8388608.
 - enlarge_chunks_in_place: 1.
UseCompressedClassPointers 1, UseCompactObjectHeaders 0
Narrow klass pointer bits 32, Max shift 3
Narrow klass base: 0x000000002b000000, Narrow klass shift: 0
Encoding Range: [0x000000002b000000 - 0x000000012b000000), (4294967296 bytes)
Klass Range:    [0x000000002b010000 - 0x000000006c000000), (1090453504 bytes)
Klass ID Range:  [65536 - 1090519033) (1090453497)
Protection zone: [0x000000002b000000 - 0x000000002b010000), (65536 bytes)


Internal statistics:

num_allocs_failed_limit: 0.
num_arena_births: 84.
num_arena_deaths: 0.
num_vsnodes_births: 2.
num_vsnodes_deaths: 0.
num_space_committed: 195.
num_space_uncommitted: 0.
num_chunks_returned_to_freelist: 0.
num_chunks_taken_from_freelist: 526.
num_chunk_merges: 0.
num_chunk_splits: 347.
num_chunks_enlarged: 284.
num_inconsistent_stats: 0.

CodeHeap 'non-profiled nmethods': size=120064Kb used=800Kb max_used=800Kb free=119263Kb
 bounds [0x000001f9a31e0000, 0x000001f9a3450000, 0x000001f9aa720000]
CodeHeap 'profiled nmethods': size=120000Kb used=4159Kb max_used=4159Kb free=115840Kb
 bounds [0x000001f99b720000, 0x000001f99bb30000, 0x000001f9a2c50000]
CodeHeap 'non-nmethods': size=5696Kb used=1382Kb max_used=1403Kb free=4314Kb
 bounds [0x000001f9a2c50000, 0x000001f9a2ec0000, 0x000001f9a31e0000]
CodeCache: size=245760Kb, used=6341Kb, max_used=6362Kb, free=239417Kb
 total_blobs=3252, nmethods=2756, adapters=397, full_count=0
Compilation: enabled, stopped_count=0, restarted_count=0

Compilation events (20 events):
Event: 3.163 Thread 0x000001f9af164620 2665       3       com.google.common.collect.Maps$ViewCachingAbstractMap::values (23 bytes)
Event: 3.164 Thread 0x000001f9af164620 nmethod 2665 0x000001f99bb0a688 code [0x000001f99bb0a780, 0x000001f99bb0ac68]
Event: 3.164 Thread 0x000001f9af164620 2666       3       com.google.common.collect.Maps$Values::iterator (18 bytes)
Event: 3.164 Thread 0x000001f9af164620 nmethod 2666 0x000001f99bb0ac88 code [0x000001f99bb0ad80, 0x000001f99bb0b510]
Event: 3.164 Thread 0x000001f9af164620 2667       3       com.google.common.collect.Maps$ViewCachingAbstractMap::entrySet (23 bytes)
Event: 3.164 Thread 0x000001f9af164620 nmethod 2667 0x000001f99bb0b588 code [0x000001f99bb0b680, 0x000001f99bb0b908]
Event: 3.164 Thread 0x000001f9af164620 2668       3       com.google.common.collect.AbstractMapBasedMultimap$AsMap$AsMapEntries::iterator (12 bytes)
Event: 3.164 Thread 0x000001f9af164620 nmethod 2668 0x000001f99bb0b988 code [0x000001f99bb0ba80, 0x000001f99bb0bef8]
Event: 3.164 Thread 0x000001f9af164620 2661   !   3       com.google.inject.internal.CycleDetectingLock$CycleDetectingLockFactory$ReentrantCycleDetectingLock::lockOrDetectPotentialLocksCycle (134 bytes)
Event: 3.165 Thread 0x000001f9af164620 nmethod 2661 0x000001f99bb0bf08 code [0x000001f99bb0c000, 0x000001f99bb0cd90]
Event: 3.165 Thread 0x000001f9af164620 2669       3       org.eclipse.sisu.bean.DeclaredMembers$MemberIterator::next (5 bytes)
Event: 3.165 Thread 0x000001f9af164620 nmethod 2669 0x000001f99bb0ce08 code [0x000001f99bb0cf00, 0x000001f99bb0d2d0]
Event: 3.165 Thread 0x000001f9af164620 2670       3       org.eclipse.sisu.bean.DeclaredMembers$MemberIterator::next (32 bytes)
Event: 3.165 Thread 0x000001f9af164620 nmethod 2670 0x000001f99bb0d308 code [0x000001f99bb0d400, 0x000001f99bb0d6f8]
Event: 3.166 Thread 0x000001f9af164620 2671       3       java.util.LinkedHashSet::<init> (28 bytes)
Event: 3.167 Thread 0x000001f9af164620 nmethod 2671 0x000001f99bb0d708 code [0x000001f99bb0d820, 0x000001f99bb0dcb0]
Event: 4.185 Thread 0x000001f9af164620 2672       3       com.google.common.collect.LinkedHashMultimap$ValueSet::succeedsInValueSet (37 bytes)
Event: 4.185 Thread 0x000001f9af164620 nmethod 2672 0x000001f99bb0dd08 code [0x000001f99bb0de00, 0x000001f99bb0e1e0]
Event: 4.185 Thread 0x000001f9af164620 2673       3       com.google.common.collect.LinkedHashMultimap$MultimapIterationChain::succeeds (37 bytes)
Event: 4.185 Thread 0x000001f9af164620 nmethod 2673 0x000001f99bb0e208 code [0x000001f99bb0e300, 0x000001f99bb0e6e0]

GC Heap Usage History (2 events):
Event: 2.316 {heap Before GC invocations=0 (full 0):
 garbage-first heap   total reserved 1527808K, committed 98304K, used 49299K [0x00000000a2c00000, 0x0000000100000000)
  region size 1024K, 47 young (48128K), 0 survivors (0K)
}
Event: 2.326 {heap After GC invocations=1 (full 0):
 garbage-first heap   total reserved 1527808K, committed 98304K, used 5779K [0x00000000a2c00000, 0x0000000100000000)
  region size 1024K, 5 young (5120K), 5 survivors (5120K)
}

Metaspace Usage History (2 events):
Event: 2.316 {metaspace Before GC invocations=0 (full 0):
 Metaspace       used 9201K, committed 9408K, reserved 1114112K
  class space    used 1141K, committed 1216K, reserved 1048576K
}
Event: 2.326 {metaspace After GC invocations=1 (full 0):
 Metaspace       used 9201K, committed 9408K, reserved 1114112K
  class space    used 1141K, committed 1216K, reserved 1048576K
}

Dll operation events (7 events):
Event: 0.017 Loaded shared library C:\Program Files\Apache NetBeans\jdk\bin\java.dll
Event: 0.081 Loaded shared library C:\Program Files\Apache NetBeans\jdk\bin\net.dll
Event: 0.087 Loaded shared library C:\Program Files\Apache NetBeans\jdk\bin\nio.dll
Event: 0.098 Loaded shared library C:\Program Files\Apache NetBeans\jdk\bin\zip.dll
Event: 0.391 Loaded shared library C:\Program Files\Apache NetBeans\jdk\bin\jimage.dll
Event: 0.399 Loaded shared library C:\Program Files\Apache NetBeans\java\maven\lib\jansi-native\Windows\x86_64\jansi.dll
Event: 0.425 Loaded shared library C:\Program Files\Apache NetBeans\jdk\bin\verify.dll

Deoptimization events (20 events):
Event: 3.027 Thread 0x000001f990911520 Uncommon trap: trap_request=0xffffffc6 fr.pc=0x000001f9a325e2f8 relative=0x0000000000000678
Event: 3.027 Thread 0x000001f990911520 Uncommon trap: reason=bimorphic_or_optimized_type_check action=maybe_recompile pc=0x000001f9a325e2f8 method=java.util.HashMap.putVal(ILjava/lang/Object;Ljava/lang/Object;ZZ)Ljava/lang/Object; @ 91 c2
Event: 3.027 Thread 0x000001f990911520 DEOPT PACKING pc=0x000001f9a325e2f8 sp=0x00000038943fe470
Event: 3.027 Thread 0x000001f990911520 DEOPT UNPACKING pc=0x000001f9a2d6f582 sp=0x00000038943fe360 mode 2
Event: 3.027 Thread 0x000001f990911520 Uncommon trap: trap_request=0xffffffc6 fr.pc=0x000001f9a325e2f8 relative=0x0000000000000678
Event: 3.027 Thread 0x000001f990911520 Uncommon trap: reason=bimorphic_or_optimized_type_check action=maybe_recompile pc=0x000001f9a325e2f8 method=java.util.HashMap.putVal(ILjava/lang/Object;Ljava/lang/Object;ZZ)Ljava/lang/Object; @ 91 c2
Event: 3.027 Thread 0x000001f990911520 DEOPT PACKING pc=0x000001f9a325e2f8 sp=0x00000038943fe470
Event: 3.027 Thread 0x000001f990911520 DEOPT UNPACKING pc=0x000001f9a2d6f582 sp=0x00000038943fe360 mode 2
Event: 3.027 Thread 0x000001f990911520 Uncommon trap: trap_request=0xffffffc6 fr.pc=0x000001f9a325e2f8 relative=0x0000000000000678
Event: 3.027 Thread 0x000001f990911520 Uncommon trap: reason=bimorphic_or_optimized_type_check action=maybe_recompile pc=0x000001f9a325e2f8 method=java.util.HashMap.putVal(ILjava/lang/Object;Ljava/lang/Object;ZZ)Ljava/lang/Object; @ 91 c2
Event: 3.027 Thread 0x000001f990911520 DEOPT PACKING pc=0x000001f9a325e2f8 sp=0x00000038943fe470
Event: 3.027 Thread 0x000001f990911520 DEOPT UNPACKING pc=0x000001f9a2d6f582 sp=0x00000038943fe360 mode 2
Event: 3.027 Thread 0x000001f990911520 Uncommon trap: trap_request=0xffffffc6 fr.pc=0x000001f9a324fa10 relative=0x0000000000000610
Event: 3.027 Thread 0x000001f990911520 Uncommon trap: reason=bimorphic_or_optimized_type_check action=maybe_recompile pc=0x000001f9a324fa10 method=java.util.HashMap.putVal(ILjava/lang/Object;Ljava/lang/Object;ZZ)Ljava/lang/Object; @ 91 c2
Event: 3.027 Thread 0x000001f990911520 DEOPT PACKING pc=0x000001f9a324fa10 sp=0x00000038943fe3c0
Event: 3.027 Thread 0x000001f990911520 DEOPT UNPACKING pc=0x000001f9a2d6f582 sp=0x00000038943fe350 mode 2
Event: 3.127 Thread 0x000001f990911520 Uncommon trap: trap_request=0xffffff45 fr.pc=0x000001f9a3287178 relative=0x00000000000001f8
Event: 3.127 Thread 0x000001f990911520 Uncommon trap: reason=unstable_if action=reinterpret pc=0x000001f9a3287178 method=java.util.WeakHashMap.expungeStaleEntries()V @ 9 c2
Event: 3.127 Thread 0x000001f990911520 DEOPT PACKING pc=0x000001f9a3287178 sp=0x00000038943fe990
Event: 3.127 Thread 0x000001f990911520 DEOPT UNPACKING pc=0x000001f9a2d6f582 sp=0x00000038943fe8d0 mode 2

Classes loaded (20 events):
Event: 2.656 Loading class java/util/TreeMap$Values
Event: 2.656 Loading class java/util/TreeMap$Values done
Event: 2.662 Loading class java/util/TreeMap$ValueIterator
Event: 2.663 Loading class java/util/TreeMap$ValueIterator done
Event: 2.690 Loading class java/lang/invoke/DirectMethodHandle$StaticAccessor
Event: 2.690 Loading class java/lang/invoke/DirectMethodHandle$StaticAccessor done
Event: 2.698 Loading class java/lang/ClassValue$RemovalToken
Event: 2.698 Loading class java/lang/ClassValue$RemovalToken done
Event: 2.839 Loading class sun/reflect/generics/scope/MethodScope
Event: 2.839 Loading class sun/reflect/generics/scope/MethodScope done
Event: 2.839 Loading class sun/reflect/generics/repository/MethodRepository
Event: 2.839 Loading class sun/reflect/generics/repository/MethodRepository done
Event: 3.059 Loading class java/util/ConcurrentModificationException
Event: 3.059 Loading class java/util/ConcurrentModificationException done
Event: 3.109 Loading class java/lang/ClassFormatError
Event: 3.110 Loading class java/lang/ClassFormatError done
Event: 3.123 Loading class java/lang/invoke/VarHandleInts$FieldInstanceReadWrite
Event: 3.124 Loading class java/lang/invoke/VarHandleInts$FieldInstanceReadOnly
Event: 3.124 Loading class java/lang/invoke/VarHandleInts$FieldInstanceReadOnly done
Event: 3.124 Loading class java/lang/invoke/VarHandleInts$FieldInstanceReadWrite done

Classes unloaded (0 events):
No events

Classes redefined (0 events):
No events

Internal exceptions (20 events):
Event: 0.421 Thread 0x000001f990911520 Exception <a 'sun/nio/fs/WindowsException'{0x00000000a8449778}> (0x00000000a8449778) 
thrown [s\src\hotspot\share\prims\jni.cpp, line 516]
Event: 0.421 Thread 0x000001f990911520 Exception <a 'sun/nio/fs/WindowsException'{0x00000000a8449c20}> (0x00000000a8449c20) 
thrown [s\src\hotspot\share\prims\jni.cpp, line 516]
Event: 0.443 Thread 0x000001f990911520 Exception <a 'java/lang/NoSuchMethodError'{0x00000000a8302178}: 'void java.lang.invoke.DirectMethodHandle$Holder.invokeVirtual(java.lang.Object, java.lang.Object)'> (0x00000000a8302178) 
thrown [s\src\hotspot\share\interpreter\linkResolver.cpp, line 804]
Event: 0.450 Thread 0x000001f990911520 Exception <a 'java/lang/NoSuchMethodError'{0x00000000a8323470}: 'void java.lang.invoke.DirectMethodHandle$Holder.invokeStatic(java.lang.Object, java.lang.Object)'> (0x00000000a8323470) 
thrown [s\src\hotspot\share\interpreter\linkResolver.cpp, line 804]
Event: 0.451 Thread 0x000001f990911520 Exception <a 'java/lang/NoSuchMethodError'{0x00000000a832b218}: 'void java.lang.invoke.DirectMethodHandle$Holder.invokeStaticInit(java.lang.Object, java.lang.Object)'> (0x00000000a832b218) 
thrown [s\src\hotspot\share\interpreter\linkResolver.cpp, line 804]
Event: 0.465 Thread 0x000001f990911520 Exception <a 'java/lang/NoSuchMethodError'{0x00000000a835e4c0}: 'void java.lang.invoke.DirectMethodHandle$Holder.invokeSpecial(java.lang.Object, java.lang.Object, java.lang.Object, java.lang.Object, java.lang.Object)'> (0x00000000a835e4c0) 
thrown [s\src\hotspot\share\interpreter\linkResolver.cpp, line 804]
Event: 0.486 Thread 0x000001f990911520 Exception <a 'java/lang/NoSuchMethodError'{0x00000000a839a6f0}: 'void java.lang.invoke.DirectMethodHandle$Holder.invokeStatic(java.lang.Object, java.lang.Object, java.lang.Object)'> (0x00000000a839a6f0) 
thrown [s\src\hotspot\share\interpreter\linkResolver.cpp, line 804]
Event: 0.622 Thread 0x000001f990911520 Exception <a 'java/lang/NoSuchMethodError'{0x00000000a8114dd8}: 'java.lang.Object java.lang.invoke.DirectMethodHandle$Holder.invokeSpecialIFC(java.lang.Object, java.lang.Object, java.lang.Object, java.lang.Object)'> (0x00000000a8114dd8) 
thrown [s\src\hotspot\share\interpreter\linkResolver.cpp, line 804]
Event: 0.950 Thread 0x000001f990911520 Exception <a 'java/lang/NoSuchMethodError'{0x00000000a7c022f0}: 'void java.lang.invoke.DirectMethodHandle$Holder.invokeSpecial(java.lang.Object, java.lang.Object, java.lang.Object)'> (0x00000000a7c022f0) 
thrown [s\src\hotspot\share\interpreter\linkResolver.cpp, line 804]
Event: 1.029 Thread 0x000001f990911520 Exception <a 'java/lang/NoSuchMethodError'{0x00000000a7b1cd58}: 'java.lang.Object java.lang.invoke.DirectMethodHandle$Holder.invokeInterface(java.lang.Object, java.lang.Object)'> (0x00000000a7b1cd58) 
thrown [s\src\hotspot\share\interpreter\linkResolver.cpp, line 804]
Event: 1.063 Thread 0x000001f990911520 Exception <a 'java/lang/NoSuchMethodError'{0x00000000a7bc70c0}: 'int java.lang.invoke.DirectMethodHandle$Holder.invokeStatic(java.lang.Object, java.lang.Object, java.lang.Object, java.lang.Object)'> (0x00000000a7bc70c0) 
thrown [s\src\hotspot\share\interpreter\linkResolver.cpp, line 804]
Event: 1.072 Thread 0x000001f990911520 Exception <a 'java/lang/NoSuchMethodError'{0x00000000a7bf0c98}: 'int java.lang.invoke.DirectMethodHandle$Holder.invokeSpecialIFC(java.lang.Object, java.lang.Object, java.lang.Object, java.lang.Object, java.lang.Object)'> (0x00000000a7bf0c98) 
thrown [s\src\hotspot\share\interpreter\linkResolver.cpp, line 804]
Event: 1.196 Thread 0x000001f990911520 Exception <a 'java/lang/NoSuchMethodError'{0x00000000a79bccb8}: 'java.lang.Object java.lang.invoke.DirectMethodHandle$Holder.newInvokeSpecial(java.lang.Object, java.lang.Object, java.lang.Object, java.lang.Object, java.lang.Object)'> (0x00000000a79bccb8) 
thrown [s\src\hotspot\share\interpreter\linkResolver.cpp, line 804]
Event: 1.272 Thread 0x000001f990911520 Exception <a 'java/lang/NoSuchMethodError'{0x00000000a78d6850}: 'int java.lang.invoke.DirectMethodHandle$Holder.invokeStaticInit(java.lang.Object, java.lang.Object)'> (0x00000000a78d6850) 
thrown [s\src\hotspot\share\interpreter\linkResolver.cpp, line 804]
Event: 1.286 Thread 0x000001f990911520 Exception <a 'java/lang/NoClassDefFoundError'{0x00000000a77108b8}: javax/enterprise/inject/Typed> (0x00000000a77108b8) 
thrown [s\src\hotspot\share\classfile\systemDictionary.cpp, line 316]
Event: 2.635 Thread 0x000001f990911520 Exception <a 'java/lang/NoSuchMethodError'{0x00000000a8497ea8}: 'void java.lang.invoke.DirectMethodHandle$Holder.invokeStaticInit(java.lang.Object, java.lang.Object, java.lang.Object)'> (0x00000000a8497ea8) 
thrown [s\src\hotspot\share\interpreter\linkResolver.cpp, line 804]
Event: 2.673 Thread 0x000001f990911520 Implicit null exception at 0x000001f9a324d39d to 0x000001f9a324d52c
Event: 2.699 Thread 0x000001f990911520 Exception <a 'java/lang/NoSuchMethodError'{0x00000000a83222d8}: 'java.lang.Object java.lang.invoke.Invokers$Holder.invokeExact_MT(java.lang.Object, int, java.lang.Object)'> (0x00000000a83222d8) 
thrown [s\src\hotspot\share\interpreter\linkResolver.cpp, line 804]
Event: 3.069 Thread 0x000001f990911520 Exception <a 'java/lang/NoSuchMethodError'{0x00000000a7b1dfa8}: 'void java.lang.invoke.Invokers$Holder.invokeExact_MT(java.lang.Object, java.lang.Object, java.lang.Object, java.lang.Object)'> (0x00000000a7b1dfa8) 
thrown [s\src\hotspot\share\interpreter\linkResolver.cpp, line 804]
Event: 3.109 Thread 0x000001f990911520 Exception <a 'java/lang/NoClassDefFoundError'{0x00000000a7b9e170}: com/google/inject/servlet/ServletModuleTargetVisitor> (0x00000000a7b9e170) 
thrown [s\src\hotspot\share\classfile\systemDictionary.cpp, line 316]

VM Operations (20 events):
Event: 0.377 Executing non-safepoint VM operation: HandshakeAllThreads (Deoptimize)
Event: 0.377 Executing non-safepoint VM operation: HandshakeAllThreads (Deoptimize) done
Event: 0.403 Executing non-safepoint VM operation: HandshakeAllThreads (Deoptimize)
Event: 0.403 Executing non-safepoint VM operation: HandshakeAllThreads (Deoptimize) done
Event: 2.072 Executing non-safepoint VM operation: HandshakeAllThreads (Deoptimize)
Event: 2.072 Executing non-safepoint VM operation: HandshakeAllThreads (Deoptimize) done
Event: 2.202 Executing non-safepoint VM operation: HandshakeAllThreads (Deoptimize)
Event: 2.202 Executing non-safepoint VM operation: HandshakeAllThreads (Deoptimize) done
Event: 2.316 Executing safepoint VM operation: G1CollectForAllocation (G1 Evacuation Pause)
Event: 2.326 Executing safepoint VM operation: G1CollectForAllocation (G1 Evacuation Pause) done
Event: 2.645 Executing non-safepoint VM operation: HandshakeAllThreads (Deoptimize)
Event: 2.645 Executing non-safepoint VM operation: HandshakeAllThreads (Deoptimize) done
Event: 2.766 Executing non-safepoint VM operation: HandshakeAllThreads (Deoptimize)
Event: 2.766 Executing non-safepoint VM operation: HandshakeAllThreads (Deoptimize) done
Event: 2.768 Executing non-safepoint VM operation: HandshakeAllThreads (Deoptimize)
Event: 2.768 Executing non-safepoint VM operation: HandshakeAllThreads (Deoptimize) done
Event: 2.839 Executing non-safepoint VM operation: HandshakeAllThreads (Deoptimize)
Event: 2.840 Executing non-safepoint VM operation: HandshakeAllThreads (Deoptimize) done
Event: 3.057 Executing non-safepoint VM operation: HandshakeAllThreads (Deoptimize)
Event: 3.057 Executing non-safepoint VM operation: HandshakeAllThreads (Deoptimize) done

Memory protections (0 events):
No events

Nmethod flushes (0 events):
No events

Events (17 events):
Event: 0.037 Thread 0x000001f990911520 Thread added: 0x000001f990911520
Event: 0.054 Thread 0x000001f990911520 Thread added: 0x000001f9af13bbd0
Event: 0.054 Thread 0x000001f990911520 Thread added: 0x000001f9af13d3a0
Event: 0.054 Thread 0x000001f990911520 Thread added: 0x000001f9af145220
Event: 0.054 Thread 0x000001f990911520 Thread added: 0x000001f9af146550
Event: 0.054 Thread 0x000001f990911520 Thread added: 0x000001f9af147c80
Event: 0.055 Thread 0x000001f990911520 Thread added: 0x000001f9af1493b0
Event: 0.055 Thread 0x000001f990911520 Thread added: 0x000001f9af15f290
Event: 0.055 Thread 0x000001f990911520 Thread added: 0x000001f9af164620
Event: 0.069 Thread 0x000001f990911520 Thread added: 0x000001f9af2ab480
Event: 0.073 Thread 0x000001f990911520 Thread added: 0x000001f9af2ba2d0
Event: 0.386 Thread 0x000001f990911520 Thread added: 0x000001f9af5088a0
Event: 1.224 Thread 0x000001f9af5088a0 Thread exited: 0x000001f9af5088a0
Event: 1.312 Thread 0x000001f9af164620 Thread added: 0x000001f9b405f3a0
Event: 1.334 Thread 0x000001f9af164620 Thread added: 0x000001f9b4270f60
Event: 2.058 Thread 0x000001f9b4270f60 Thread exited: 0x000001f9b4270f60
Event: 2.549 Thread 0x000001f9b405f3a0 Thread exited: 0x000001f9b405f3a0


Dynamic libraries:
0x00007ff6ddf30000 - 0x00007ff6ddf3e000 	C:\Program Files\Apache NetBeans\jdk\bin\java.exe
0x00007ffa0ea80000 - 0x00007ffa0ece7000 	C:\Windows\SYSTEM32\ntdll.dll
0x00007ffa0c800000 - 0x00007ffa0c8c9000 	C:\Windows\System32\KERNEL32.DLL
0x00007ffa0b780000 - 0x00007ffa0bb77000 	C:\Windows\System32\KERNELBASE.dll
0x00007ffa0bc60000 - 0x00007ffa0bdab000 	C:\Windows\System32\ucrtbase.dll
0x00007ffa02780000 - 0x00007ffa0279e000 	C:\Program Files\Apache NetBeans\jdk\bin\VCRUNTIME140.dll
0x00007ff9fa530000 - 0x00007ff9fa546000 	C:\Program Files\Apache NetBeans\jdk\bin\jli.dll
0x00007ffa0d5e0000 - 0x00007ffa0d7a6000 	C:\Windows\System32\USER32.dll
0x00007ffa0bc30000 - 0x00007ffa0bc57000 	C:\Windows\System32\win32u.dll
0x00007ff9f71c0000 - 0x00007ff9f7452000 	C:\Windows\WinSxS\amd64_microsoft.windows.common-controls_6595b64144ccf1df_6.0.26100.8457_none_3e0b2faee331e92d\COMCTL32.dll
0x00007ffa0e4c0000 - 0x00007ffa0e4eb000 	C:\Windows\System32\GDI32.dll
0x00007ffa0e390000 - 0x00007ffa0e439000 	C:\Windows\System32\msvcrt.dll
0x00007ffa0bdb0000 - 0x00007ffa0bedc000 	C:\Windows\System32\gdi32full.dll
0x00007ffa0bb80000 - 0x00007ffa0bc23000 	C:\Windows\System32\msvcp_win.dll
0x00007ffa0d900000 - 0x00007ffa0d932000 	C:\Windows\System32\IMM32.DLL
0x00007ffa06530000 - 0x00007ffa0653c000 	C:\Program Files\Apache NetBeans\jdk\bin\vcruntime140_1.dll
0x00007ff9b4600000 - 0x00007ff9b468d000 	C:\Program Files\Apache NetBeans\jdk\bin\msvcp140.dll
0x00007ff96d030000 - 0x00007ff96df56000 	C:\Program Files\Apache NetBeans\jdk\bin\server\jvm.dll
0x00007ffa0d940000 - 0x00007ffa0d9f6000 	C:\Windows\System32\ADVAPI32.dll
0x00007ffa0e6d0000 - 0x00007ffa0e777000 	C:\Windows\System32\sechost.dll
0x00007ffa0d7e0000 - 0x00007ffa0d8f8000 	C:\Windows\System32\RPCRT4.dll
0x00007ffa0e9a0000 - 0x00007ffa0ea20000 	C:\Windows\System32\WS2_32.dll
0x00007ffa0b160000 - 0x00007ffa0b1be000 	C:\Windows\SYSTEM32\POWRPROF.dll
0x00007ff9fe940000 - 0x00007ff9fe976000 	C:\Windows\SYSTEM32\WINMM.dll
0x00007ffa04350000 - 0x00007ffa0435b000 	C:\Windows\SYSTEM32\VERSION.dll
0x00007ffa0b140000 - 0x00007ffa0b154000 	C:\Windows\SYSTEM32\UMPDC.dll
0x00007ffa0a2b0000 - 0x00007ffa0a2cb000 	C:\Windows\SYSTEM32\kernel.appcore.dll
0x00007ffa02730000 - 0x00007ffa0273a000 	C:\Program Files\Apache NetBeans\jdk\bin\jimage.dll
0x00007ffa09310000 - 0x00007ffa09552000 	C:\Windows\SYSTEM32\DBGHELP.DLL
0x00007ffa0dbe0000 - 0x00007ffa0df63000 	C:\Windows\System32\combase.dll
0x00007ffa0db00000 - 0x00007ffa0dbd9000 	C:\Windows\System32\OLEAUT32.dll
0x00007ff9dcd60000 - 0x00007ff9dcd9b000 	C:\Windows\SYSTEM32\dbgcore.DLL
0x00007ffa0bee0000 - 0x00007ffa0bf88000 	C:\Windows\System32\bcryptPrimitives.dll
0x00007ff9fa630000 - 0x00007ff9fa64e000 	C:\Program Files\Apache NetBeans\jdk\bin\java.dll
0x00007ffa0e780000 - 0x00007ffa0e917000 	C:\Windows\System32\ole32.dll
0x00007ffa0cd60000 - 0x00007ffa0d4ce000 	C:\Windows\System32\SHELL32.dll
0x00007ffa0bf90000 - 0x00007ffa0c7fc000 	C:\Windows\System32\windows.storage.dll
0x00007ffa0d4e0000 - 0x00007ffa0d5d6000 	C:\Windows\System32\SHCORE.dll
0x00007ffa0e440000 - 0x00007ffa0e4a6000 	C:\Windows\System32\shlwapi.dll
0x00007ffa0b3d0000 - 0x00007ffa0b3f9000 	C:\Windows\SYSTEM32\profapi.dll
0x00007ff9e77e0000 - 0x00007ff9e77f1000 	C:\Program Files\Apache NetBeans\jdk\bin\net.dll
0x00007ffa0a820000 - 0x00007ffa0a88c000 	C:\Windows\system32\mswsock.dll
0x00007ff9e5eb0000 - 0x00007ff9e5ec6000 	C:\Program Files\Apache NetBeans\jdk\bin\nio.dll
0x00007ff9ee820000 - 0x00007ff9ee837000 	C:\Program Files\Apache NetBeans\jdk\bin\zip.dll
0x00007ff9ab7d0000 - 0x00007ff9ab7f4000 	C:\Program Files\Apache NetBeans\java\maven\lib\jansi-native\Windows\x86_64\jansi.dll
0x00007ff9fa620000 - 0x00007ff9fa630000 	C:\Program Files\Apache NetBeans\jdk\bin\verify.dll

JVMTI agents: none

dbghelp: loaded successfully - version: 4.0.5 - missing functions: none
symbol engine: initialized successfully - sym options: 0x614 - pdb path: .;C:\Program Files\Apache NetBeans\jdk\bin;C:\Windows\SYSTEM32;C:\Windows\WinSxS\amd64_microsoft.windows.common-controls_6595b64144ccf1df_6.0.26100.8457_none_3e0b2faee331e92d;C:\Program Files\Apache NetBeans\jdk\bin\server;C:\Program Files\Apache NetBeans\java\maven\lib\jansi-native\Windows\x86_64

VM Arguments:
jvm_args: --enable-native-access=ALL-UNNAMED -Dclassworlds.conf=C:\Program Files\Apache NetBeans\java\maven\bin\m2.conf -Dmaven.home=C:\Program Files\Apache NetBeans\java\maven -Dlibrary.jansi.path=C:\Program Files\Apache NetBeans\java\maven\lib\jansi-native -Dmaven.multiModuleProjectDirectory=C:\Users\Snethemba\Documents\NetBeansProjects\quickchat_1_2 
java_command: org.codehaus.plexus.classworlds.launcher.Launcher -Dexec.vmArgs= -Dexec.args=${exec.vmArgs} -classpath %classpath ${exec.mainClass} ${exec.appArgs} -Dexec.appArgs= -Dexec.mainClass=com.mycompany.quickchat_1_2.Quickchat_1_2 -Dexec.executable=C:\Program Files\Apache NetBeans\jdk\bin\java.exe -Dmaven.ext.class.path=C:\Program Files\Apache NetBeans\java\maven-nblib\netbeans-eventspy.jar --no-transfer-progress process-classes org.codehaus.mojo:exec-maven-plugin:3.5.1:exec
java_class_path (initial): C:\Program Files\Apache NetBeans\java\maven\boot\plexus-classworlds-2.9.0.jar
Launcher Type: SUN_STANDARD

[Global flags]
     intx CICompilerCount                          = 4                                         {product} {ergonomic}
     uint ConcGCThreads                            = 2                                         {product} {ergonomic}
     uint G1ConcRefinementThreads                  = 8                                         {product} {ergonomic}
   size_t G1HeapRegionSize                         = 1048576                                   {product} {ergonomic}
   size_t InitialHeapSize                          = 98566144                                  {product} {ergonomic}
   size_t MarkStackSize                            = 4194304                                   {product} {ergonomic}
   size_t MarkStackSizeMax                         = 536870912                                 {product} {ergonomic}
   size_t MaxHeapSize                              = 1564475392                                {product} {ergonomic}
   size_t MaxNewSize                               = 938475520                                 {product} {ergonomic}
   size_t MinHeapDeltaBytes                        = 1048576                                   {product} {ergonomic}
   size_t MinHeapSize                              = 8388608                                   {product} {ergonomic}
    uintx NonNMethodCodeHeapSize                   = 5832704                                {pd product} {ergonomic}
    uintx NonProfiledCodeHeapSize                  = 122945536                              {pd product} {ergonomic}
    uintx ProfiledCodeHeapSize                     = 122880000                              {pd product} {ergonomic}
    uintx ReservedCodeCacheSize                    = 251658240                              {pd product} {ergonomic}
     bool SegmentedCodeCache                       = true                                      {product} {ergonomic}
   size_t SoftMaxHeapSize                          = 1564475392                             {manageable} {ergonomic}
     bool UseCompressedOops                        = true                           {product lp64_product} {ergonomic}
     bool UseG1GC                                  = true                                      {product} {ergonomic}
     bool UseLargePagesIndividualAllocation        = false                                  {pd product} {ergonomic}

Logging:
Log output configuration:
 #0: stdout all=warning uptime,level,tags foldmultilines=false
 #1: stderr all=off uptime,level,tags foldmultilines=false

Release file:
IMPLEMENTOR="Eclipse Adoptium" 
IMPLEMENTOR_VERSION="Temurin-25.0.2+10" 
JAVA_RUNTIME_VERSION="25.0.2+10-LTS" 
JAVA_VERSION="25.0.2" 
JAVA_VERSION_DATE="2026-01-20" 
LIBC="default" 
MODULES="java.base java.compiler java.datatransfer java.xml java.prefs java.desktop java.instrument java.logging java.management java.security.sasl java.naming java.rmi java.management.rmi java.net.http java.scripting java.security.jgss java.transaction.xa java.sql java.sql.rowset java.xml.crypto java.se java.smartcardio jdk.accessibility jdk.internal.jvmstat jdk.attach jdk.charsets jdk.internal.opt jdk.zipfs jdk.compiler jdk.crypto.cryptoki jdk.crypto.ec jdk.crypto.mscapi jdk.dynalink jdk.internal.ed jdk.editpad jdk.internal.vm.ci jdk.graal.compiler jdk.graal.compiler.management jdk.hotspot.agent jdk.httpserver jdk.incubator.vector jdk.internal.le jdk.internal.md jdk.jartool jdk.javadoc jdk.jcmd jdk.management jdk.management.agent jdk.jconsole jdk.jdeps jdk.jdwp.agent jdk.jdi jdk.jfr jdk.jlink jdk.jpackage jdk.jshell jdk.jsobject jdk.jstatd jdk.localedata jdk.management.jfr jdk.naming.dns jdk.naming.rmi jdk.net jdk.nio.mapmode jdk.sctp jdk.security.auth jdk.security.jgss jdk.unsupported jdk.unsupported.desktop jdk.xml.dom" 
OS_ARCH="x86_64" 
OS_NAME="Windows" 
SOURCE=".:git:9e3c947043a4" 
BUILD_SOURCE="git:458965074606f027bd5afce2cfd5c1055dea0438"
BUILD_SOURCE_REPO="https://github.com/adoptium/temurin-build.git"
SOURCE_REPO="https://github.com/adoptium/jdk25u.git"
FULL_VERSION="25.0.2+10-LTS"
SEMANTIC_VERSION="25.0.2+10"
BUILD_INFO="OS: Windows Server 2022 Version: 10.0"
JVM_VARIANT="Hotspot"
JVM_VERSION="25.0.2+10-LTS"
IMAGE_TYPE="JDK"

Environment Variables:
JAVA_HOME=C:\Program Files\Apache NetBeans\jdk
PATH=C:\Windows\system32;C:\Windows;C:\Windows\System32\Wbem;C:\Windows\System32\WindowsPowerShell\v1.0\;C:\Windows\System32\OpenSSH\;C:\Users\Snethemba\AppData\Local\Microsoft\WindowsApps;C:\Users\Snethemba\AppData\Local\Programs\cursor\resources\app\bin;C:\Users\Snethemba\AppData\Local\Programs\Windsurf\bin;C:\Program Files\Apache NetBeans\bin\
USERNAME=Snethemba
OS=Windows_NT
PROCESSOR_IDENTIFIER=AMD64 Family 23 Model 160 Stepping 0, AuthenticAMD
TMP=C:\Users\SNETHE~1\AppData\Local\Temp
TEMP=C:\Users\SNETHE~1\AppData\Local\Temp




Compilation memory statistics disabled.

Periodic native trim disabled

---------------  S Y S T E M  ---------------

OS:
 Windows 11 , 64 bit Build 26100 (10.0.26100.8328)
OS uptime: 5 days 18:28 hours
Hyper-V role detected

CPU: total 8 (initial active 8) (8 cores per cpu, 2 threads per core) family 23 model 160 stepping 0 microcode 0x8a0000a, cx8, cmov, fxsr, ht, mmx, 3dnowpref, sse, sse2, sse3, ssse3, sse4a, sse4.1, sse4.2, popcnt, lzcnt, tsc, tscinvbit, avx, avx2, aes, clmul, bmi1, bmi2, adx, sha, fma, vzeroupper, clflush, clflushopt, clwb, hv, rdtscp, rdpid, f16c
Processor Information for the first 8 processors :
  Max Mhz: 2401, Current Mhz: 2401, Mhz Limit: 2401

Memory: 4k page, system-wide physical 5965M (653M free)
TotalPageFile size 24397M (AvailPageFile size 4M)
current process WorkingSet (physical memory assigned to process): 128M, peak: 128M
current process commit charge ("private bytes"): 211M, peak: 213M

vm_info: OpenJDK 64-Bit Server VM (25.0.2+10-LTS) for windows-amd64 JRE (25.0.2+10-LTS), built on 2026-01-20T00:00:00Z with MS VC++ 17.12 (VS2022)

END.
